edge_detection/android/build/intermediates/manifest_merge_blame_file/debug/manifest-merger-blame-debug-report.txt
1<?xml version="1.0" encoding="utf-8"?>
2<manifest xmlns:android="http://schemas.android.com/apk/res/android"
3    package="com.sample.edgedetection" >
4
5    <uses-sdk
6        android:minSdkVersion="21"
6-->src/main/AndroidManifest.xml
7        android:targetSdkVersion="29" />
7-->src/main/AndroidManifest.xml
8
9    <uses-permission android:name="android.permission.CAMERA" />
9-->src/main/AndroidManifest.xml:4:5-65
9-->src/main/AndroidManifest.xml:4:22-62
10    <uses-permission android:name="android.permission.ACCESS_MEDIA_LOCATION" />
10-->src/main/AndroidManifest.xml:5:5-80
10-->src/main/AndroidManifest.xml:5:22-77
11    <uses-permission android:name="android.permission.READ_EXTERNAL_STORAGE" />
11-->src/main/AndroidManifest.xml:6:5-80
11-->src/main/AndroidManifest.xml:6:22-77
12    <uses-permission android:name="android.permission.WRITE_EXTERNAL_STORAGE" />
12-->src/main/AndroidManifest.xml:7:5-81
12-->src/main/AndroidManifest.xml:7:22-78
13
14    <application
14-->src/main/AndroidManifest.xml:9:5-25:19
15        android:allowBackup="true"
15-->src/main/AndroidManifest.xml:10:9-35
16        android:requestLegacyExternalStorage="true"
16-->src/main/AndroidManifest.xml:13:9-52
17        android:supportsRtl="true"
17-->src/main/AndroidManifest.xml:11:9-35
18        android:theme="@style/AppTheme" >
18-->src/main/AndroidManifest.xml:12:9-40
19        <activity
19-->src/main/AndroidManifest.xml:14:9-19:20
20            android:name="com.sample.edgedetection.scan.ScanActivity"
20-->src/main/AndroidManifest.xml:15:13-46
21            android:label="@string/scan"
21-->src/main/AndroidManifest.xml:16:13-41
22            android:launchMode="singleTask"
22-->src/main/AndroidManifest.xml:18:13-44
23            android:screenOrientation="portrait" >
23-->src/main/AndroidManifest.xml:17:13-49
24        </activity>
25        <activity
25-->src/main/AndroidManifest.xml:20:9-24:47
26            android:name="com.sample.edgedetection.crop.CropActivity"
26-->src/main/AndroidManifest.xml:21:13-46
27            android:label="@string/crop"
27-->src/main/AndroidManifest.xml:22:13-41
28            android:launchMode="singleTask"
28-->src/main/AndroidManifest.xml:24:13-44
29            android:screenOrientation="portrait" />
29-->src/main/AndroidManifest.xml:23:13-49
30    </application>
31
32</manifest>